2015-05-26 17:46:58.575 Unity[24784:287704] NSDocumentController Info.plist warning: The values of CFBundleTypeRole entries must be 'Editor', 'Viewer', 'None', or 'Shell'.
Symbol file LoadedFromMemory doesn't match image /Applications/Unity/Unity.app/Contents/PlaybackEngines/WebGLSupport/UnityEditor.WebGL.Extensions.dll
Symbol file /Applications/Unity/Unity.app/Contents/PlaybackEngines/WebGLSupport/UnityEditor.WebGL.Extensions.dll.mdb doesn't match image /Applications/Unity/Unity.app/Contents/PlaybackEngines/WebGLSupport/UnityEditor.WebGL.Extensions.dll
[usbmuxd] Start listen thread
[usbmuxd] Listen thread started
[usbmuxd] Send listen message
ssets/UmengGameAnalytics
/Users/zhucong/Documents/Unity_wrapper/Release/UmengGameAnalytics_v1.6_with_IDFA.unitypackage
-logFile
export.log
Successfully changed project path to: /Users/zhucong/Documents/Unity_wrapper/Src/UMUnityDemoGame/UMUnityDemo
/Users/zhucong/Documents/Unity_wrapper/Src/UMUnityDemoGame/UMUnityDemo
Loading GUID <-> Path mappings...0.000903 seconds
Loading Asset Database...0.005555 seconds
AssetDatabase consistency checks...0.009815 seconds
Initialize engine version: 5.0.0f4 (5b98b70ebeb9)
GfxDevice: creating device client; threaded=0
OpenGL:
    Version:  OpenGL 2.1 [2.1 INTEL-10.0.86]
    Renderer: Intel HD Graphics 5000 OpenGL Engine
    Vendor:   Intel Inc.
    VRAM:     1536 MB
    Extensions: GL_ARB_color_buffer_float GL_ARB_depth_buffer_float GL_ARB_depth_clamp GL_ARB_depth_texture GL_ARB_draw_buffers GL_ARB_draw_elements_base_vertex GL_ARB_draw_instanced GL_ARB_fragment_program GL_ARB_fragment_program_shadow GL_ARB_fragment_shader GL_ARB_framebuffer_object GL_ARB_framebuffer_sRGB GL_ARB_half_float_pixel GL_ARB_half_float_vertex GL_ARB_instanced_arrays GL_ARB_multisample GL_ARB_multitexture GL_ARB_occlusion_query GL_ARB_pixel_buffer_object GL_ARB_point_parameters GL_ARB_point_sprite GL_ARB_provoking_vertex GL_ARB_seamless_cube_map GL_ARB_shader_objects GL_ARB_shader_texture_lod GL_ARB_shading_language_100 GL_ARB_shadow GL_ARB_sync GL_ARB_texture_border_clamp GL_ARB_texture_compression GL_ARB_texture_compression_rgtc GL_ARB_texture_cube_map GL_ARB_texture_env_add GL_ARB_texture_env_combine GL_ARB_texture_env_crossbar GL_ARB_texture_env_dot3 GL_ARB_texture_float GL_ARB_texture_mirrored_repeat GL_ARB_texture_non_power_of_two GL_ARB_texture_rectangle GL_ARB_texture_rg GL_ARB_transpose_matrix GL_ARB_vertex_array_bgra GL_ARB_vertex_blend GL_ARB_vertex_buffer_object GL_ARB_vertex_program GL_ARB_vertex_shader GL_ARB_window_pos GL_EXT_abgr GL_EXT_bgra GL_EXT_blend_color GL_EXT_blend_equation_separate GL_EXT_blend_func_separate GL_EXT_blend_minmax GL_EXT_blend_subtract GL_EXT_clip_volume_hint GL_EXT_debug_label GL_EXT_debug_marker GL_EXT_draw_buffers2 GL_EXT_draw_range_elements GL_EXT_fog_coord GL_EXT_framebuffer_blit GL_EXT_framebuffer_multisample GL_EXT_framebuffer_multisample_blit_scaled GL_EXT_framebuffer_object GL_EXT_framebuffer_sRGB GL_EXT_geometry_shader4 GL_EXT_gpu_program_parameters GL_EXT_gpu_shader4 GL_EXT_multi_draw_arrays GL_EXT_packed_depth_stencil GL_EXT_packed_float GL_EXT_provoking_vertex GL_EXT_rescale_normal GL_EXT_secondary_color GL_EXT_separate_specular_color GL_EXT_shadow_funcs GL_EXT_stencil_two_side GL_EXT_stencil_wrap GL_EXT_texture_array GL_EXT_texture_compression_dxt1 GL_EXT_texture_compression_s3tc GL_EXT_texture_env_add GL_EXT_texture_filter_anisotropic GL_EXT_texture_integer GL_EXT_texture_lod_bias GL_EXT_texture_rectangle GL_EXT_texture_shared_exponent GL_EXT_texture_sRGB GL_EXT_texture_sRGB_decode GL_EXT_timer_query GL_EXT_transform_feedback GL_EXT_vertex_array_bgra GL_APPLE_aux_depth_stencil GL_APPLE_client_storage GL_APPLE_element_array GL_APPLE_fence GL_APPLE_float_pixels GL_APPLE_flush_buffer_range GL_APPLE_flush_render GL_APPLE_object_purgeable GL_APPLE_packed_pixels GL_APPLE_pixel_buffer GL_APPLE_rgb_422 GL_APPLE_row_bytes GL_APPLE_specular_vector GL_APPLE_texture_range GL_APPLE_transform_hint GL_APPLE_vertex_array_object GL_APPLE_vertex_array_range GL_APPLE_vertex_point_size GL_APPLE_vertex_program_evaluators GL_APPLE_ycbcr_422 GL_ATI_separate_stencil GL_ATI_texture_env_combine3 GL_ATI_texture_float GL_ATI_texture_mirror_once GL_IBM_rasterpos_clip GL_NV_blend_square GL_NV_conditional_render GL_NV_depth_clamp GL_NV_fog_distance GL_NV_light_max_exponent GL_NV_texgen_reflection GL_NV_texture_barrier GL_SGIS_generate_mipmap GL_SGIS_texture_edge_clamp GL_SGIS_texture_lod 
GL: Detected 1536 MB VRAM
Begin MonoManager ReloadAssembly
Platform assembly: /Applications/Unity/Unity.app/Contents/Frameworks/Managed/UnityEngine.dll (this message is harmless)
Platform assembly: /Applications/Unity/Unity.app/Contents/Frameworks/Managed/UnityEditor.dll (this message is harmless)
Platform assembly: /Applications/Unity/Unity.app/Contents/Frameworks/Managed/Unity.Locator.dll (this message is harmless)
Platform assembly: /Applications/Unity/Unity.app/Contents/Frameworks/Managed/Unity.DataContract.dll (this message is harmless)
Platform assembly: /Applications/Unity/Unity.app/Contents/Frameworks/Mono/lib/mono/2.0/System.Core.dll (this message is harmless)
Platform assembly: /Applications/Unity/Unity.app/Contents/Frameworks/Managed/Unity.IvyParser.dll (this message is harmless)
Platform assembly: /Applications/Unity/Unity.app/Contents/Frameworks/Mono/lib/mono/2.0/System.dll (this message is harmless)
Platform assembly: /Applications/Unity/Unity.app/Contents/Frameworks/Mono/lib/mono/2.0/System.Xml.dll (this message is harmless)
Platform assembly: /Applications/Unity/Unity.app/Contents/Frameworks/Mono/lib/mono/2.0/System.Configuration.dll (this message is harmless)
Platform assembly: /Applications/Unity/Unity.app/Contents/PackageManager/Unity/PackageManager/5.0.0/Unity.PackageManager.dll (this message is harmless)
Initializing Unity.PackageManager (PackageManager) v5.0.0 for Unity v5.0.0f4
Setting Android v5.0.0 for Unity v5.0.0f4 to /Applications/Unity/Unity.app/Contents/PlaybackEngines/AndroidPlayer
Setting BlackBerry v5.0.0 for Unity v5.0.0f4 to /Applications/Unity/Unity.app/Contents/PlaybackEngines/BlackBerryPlayer
Setting StandaloneLinux v5.0.0 for Unity v5.0.0f4 to /Applications/Unity/Unity.app/Contents/PlaybackEngines/LinuxStandaloneSupport
Setting StandaloneOSXIntel v5.0.0 for Unity v5.0.0f4 to /Applications/Unity/Unity.app/Contents/PlaybackEngines/MacStandaloneSupport
Setting WebGL v5.0.0 for Unity v5.0.0f4 to /Applications/Unity/Unity.app/Contents/PlaybackEngines/WebGLSupport
Setting StandaloneWindows v5.0.0 for Unity v5.0.0f4 to /Applications/Unity/Unity.app/Contents/PlaybackEngines/WindowsStandaloneSupport
Setting iOS v5.0.0 for Unity v5.0.0f4 to /Applications/Unity/Unity.app/Contents/PlaybackEngines/iossupport
Setting GUISystem v5.0.0 for Unity v5.0.0f4 to /Applications/Unity/Unity.app/Contents/UnityExtensions/Unity/GUISystem
Setting IL2CPP v0.10.1 for Unity v5.0.0f4 to /Applications/Unity/Unity.app/Contents/Frameworks/il2cpp
Registering custom dll's ...
Register platform support module: /Applications/Unity/Unity.app/Contents/PlaybackEngines/AndroidPlayer/UnityEditor.Android.Extensions.dll
Register platform support module: /Applications/Unity/Unity.app/Contents/PlaybackEngines/iossupport/UnityEditor.iOS.Extensions.dll
Register platform support module: /Applications/Unity/Unity.app/Contents/PlaybackEngines/BlackBerryPlayer/UnityEditor.BB10.Extensions.dll
Register platform support module: /Applications/Unity/Unity.app/Contents/PlaybackEngines/WebGLSupport/UnityEditor.WebGL.Extensions.dll
Register platform support module: /Applications/Unity/Unity.app/Contents/PlaybackEngines/LinuxStandaloneSupport/UnityEditor.LinuxStandalone.Extensions.dll
Register platform support module: /Applications/Unity/Unity.app/Contents/PlaybackEngines/WindowsStandaloneSupport/UnityEditor.WindowsStandalone.Extensions.dll
Register platform support module: /Applications/Unity/Unity.app/Contents/PlaybackEngines/MacStandaloneSupport/UnityEditor.OSXStandalone.Extensions.dll
Registered in 0.000588 seconds.
Non platform assembly: /Users/zhucong/Documents/Unity_wrapper/Src/UMUnityDemoGame/UMUnityDemo/Library/ScriptAssemblies/Assembly-CSharp.dll (this message is harmless)
Loading /Users/zhucong/Documents/Unity_wrapper/Src/UMUnityDemoGame/UMUnityDemo/Library/ScriptAssemblies/Assembly-CSharp.dll into Unity Child Domain
Platform assembly: /Applications/Unity/Unity.app/Contents/PackageManager/Unity/PackageManager/5.0.0/Unity.PackageManager.dll (this message is harmless)
Loading /Applications/Unity/Unity.app/Contents/PackageManager/Unity/PackageManager/5.0.0/Unity.PackageManager.dll into Unity Child Domain
Non platform assembly: /Applications/Unity/Unity.app/Contents/UnityExtensions/Unity/GUISystem/UnityEngine.UI.dll (this message is harmless)
Loading /Applications/Unity/Unity.app/Contents/UnityExtensions/Unity/GUISystem/UnityEngine.UI.dll into Unity Child Domain
Non platform assembly: /Applications/Unity/Unity.app/Contents/UnityExtensions/Unity/GUISystem/Editor/UnityEditor.UI.dll (this message is harmless)
Loading /Applications/Unity/Unity.app/Contents/UnityExtensions/Unity/GUISystem/Editor/UnityEditor.UI.dll into Unity Child Domain
Platform assembly: /Applications/Unity/Unity.app/Contents/Frameworks/Managed/UnityEditor.Graphs.dll (this message is harmless)
Loading /Applications/Unity/Unity.app/Contents/Frameworks/Managed/UnityEditor.Graphs.dll into Unity Child Domain
Platform assembly: /Applications/Unity/Unity.app/Contents/PlaybackEngines/AndroidPlayer/UnityEditor.Android.Extensions.dll (this message is harmless)
Loading /Applications/Unity/Unity.app/Contents/PlaybackEngines/AndroidPlayer/UnityEditor.Android.Extensions.dll into Unity Child Domain
Platform assembly: /Applications/Unity/Unity.app/Contents/PlaybackEngines/iossupport/UnityEditor.iOS.Extensions.dll (this message is harmless)
Loading /Applications/Unity/Unity.app/Contents/PlaybackEngines/iossupport/UnityEditor.iOS.Extensions.dll into Unity Child Domain
Platform assembly: /Applications/Unity/Unity.app/Contents/PlaybackEngines/BlackBerryPlayer/UnityEditor.BB10.Extensions.dll (this message is harmless)
Loading /Applications/Unity/Unity.app/Contents/PlaybackEngines/BlackBerryPlayer/UnityEditor.BB10.Extensions.dll into Unity Child Domain
Platform assembly: /Applications/Unity/Unity.app/Contents/PlaybackEngines/WebGLSupport/UnityEditor.WebGL.Extensions.dll (this message is harmless)
Loading /Applications/Unity/Unity.app/Contents/PlaybackEngines/WebGLSupport/UnityEditor.WebGL.Extensions.dll into Unity Child Domain
Platform assembly: /Applications/Unity/Unity.app/Contents/PlaybackEngines/LinuxStandaloneSupport/UnityEditor.LinuxStandalone.Extensions.dll (this message is harmless)
Loading /Applications/Unity/Unity.app/Contents/PlaybackEngines/LinuxStandaloneSupport/UnityEditor.LinuxStandalone.Extensions.dll into Unity Child Domain
Platform assembly: /Applications/Unity/Unity.app/Contents/PlaybackEngines/WindowsStandaloneSupport/UnityEditor.WindowsStandalone.Extensions.dll (this message is harmless)
Loading /Applications/Unity/Unity.app/Contents/PlaybackEngines/WindowsStandaloneSupport/UnityEditor.WindowsStandalone.Extensions.dll into Unity Child Domain
Platform assembly: /Applications/Unity/Unity.app/Contents/PlaybackEngines/MacStandaloneSupport/UnityEditor.OSXStandalone.Extensions.dll (this message is harmless)
Loading /Applications/Unity/Unity.app/Contents/PlaybackEngines/MacStandaloneSupport/UnityEditor.OSXStandalone.Extensions.dll into Unity Child Domain
Refreshing native plugins compatible for Editor in 1.04 ms, found 0 plugins.
Platform assembly: /Applications/Unity/Unity.app/Contents/Frameworks/Managed/Mono.Cecil.dll (this message is harmless)
Platform assembly: /Applications/Unity/Unity.app/Contents/Frameworks/Managed/Unity.SerializationLogic.dll (this message is harmless)
Platform assembly: /Applications/Unity/Unity.app/Contents/Frameworks/Mono/lib/mono/2.0/UnityScript.dll (this message is harmless)
Platform assembly: /Applications/Unity/Unity.app/Contents/Frameworks/Managed/ICSharpCode.NRefactory.dll (this message is harmless)
Platform assembly: /Applications/Unity/Unity.app/Contents/PlaybackEngines/iossupport/UnityEditor.iOS.Extensions.Xcode.dll (this message is harmless)
Mono: successfully reloaded assembly
- Completed reload, in  1.019 seconds
Registering platform support modules:
Platform assembly: /Applications/Unity/Unity.app/Contents/Frameworks/Mono/lib/mono/2.0/System.Xml.Linq.dll (this message is harmless)
Platform assembly: /Applications/Unity/Unity.app/Contents/Frameworks/Mono/lib/mono/2.0/Boo.Lang.Compiler.dll (this message is harmless)
Platform assembly: /Applications/Unity/Unity.app/Contents/Frameworks/Mono/lib/mono/2.0/Boo.Lang.dll (this message is harmless)
Platform assembly: /Applications/Unity/Unity.app/Contents/Frameworks/Mono/lib/mono/2.0/Boo.Lang.Parser.dll (this message is harmless)
Platform assembly: /Applications/Unity/Unity.app/Contents/Frameworks/Mono/lib/mono/2.0/UnityScript.Lang.dll (this message is harmless)
Platform assembly: /Applications/Unity/Unity.app/Contents/Frameworks/Mono/lib/mono/2.0/Mono.Security.dll (this message is harmless)
Registered platform support modules in: 0.143856s.
Native extension for OSXStandalone target not found
Native extension for WindowsStandalone target not found
Native extension for LinuxStandalone target not found
Native extension for WebGL target not found
Native extension for BlackBerry target not found
Load native extension module: /Applications/Unity/Unity.app/Contents/PlaybackEngines/iossupport/UnityEditor.iOS.Extensions.Native.dylib
Native extension for Android target not found
Validating Project structure ... 0.000571 seconds.
Refresh: detecting if any assets need to be imported or removed ... 
Hashing assets ... 0.013076 seconds
----- Compute hash(es) for 2 asset(s).

Refresh: elapses 0.044187 seconds
Connect to CacheServer
Updating ProjectSettings/ProjectSettings.asset - GUID: 00000000000000004000000000000000...
 done. [Time: 62.574371 ms] 
Updating Assets/Plugins/Android/export.log - GUID: 1db3e5f7f219f4849964dc87e93d28f7...
 done. [Time: 10.101875 ms] 
Updating Assets/Plugins/iOS/libUMUnityAnalytics.a - GUID: 1eba70fa54f7c334c9d1374cbe1b8a05...
 done. [Time: 9.568051 ms] 
Disconnect from CacheServer
Refreshing native plugins compatible for Editor in 0.96 ms, found 0 plugins.

----- Total AssetImport time: 0.179125s, AssetImport time: 0.131391s, Asset hashing: 0.013240s [2.5 MB, 186.972397 mb/s]
----- Cache Server detail: CacheServerIntegrate time: 0.000000s, CacheServer download: 0.000192s [0 B, 0.000000 mb/s]
----- Cache Server detail: Total assets requested: 3, Cached Assets: 0, Not available: 0, Not supported: 3.
----- Cache Server detail: CacheMove: 0.000000s, CacheDelete: 0.000000s.

Ignoring '/Applications/Unity/Unity.app/Contents/UnityExtensions/Unity/GUISystem/Editor/UnityEditor.UI.dll' because we're compiling for AndroidPlayer
Opening scene 'Assets/UmengGameAnalytics/Example/Example.unity'
Unloading 32 Unused Serialized files (Serialized files now loaded: 0)
System memory in use before: 42.5 MB.
System memory in use after: 42.6 MB.

Unloading 9 unused Assets to reduce memory usage. Loaded Objects now: 395.
Total: 1.272728 ms (FindLiveObjects: 0.040915 ms CreateObjectMapping: 0.010263 ms MarkObjects: 1.195926 ms  DeleteObjects: 0.023576 ms)

Load scene 'Assets/UmengGameAnalytics/Example/Example.unity' time: 45.336254 ms 
Export package Assets/Plugins to /Users/zhucong/Documents/Unity_wrapper/Release/UmengGameAnalytics_v1.6_with_IDFA.unitypackage
Export package Assets/UmengGameAnalytics to /Users/zhucong/Documents/Unity_wrapper/Release/UmengGameAnalytics_v1.6_with_IDFA.unitypackage
