Base path: D:/Program Files (x86)/Unity/Editor/Data
Pipe name: \\.\pipe\UnityShaderCompiler-1-19788
Cmd: getPlatforms
Cmd: preprocess
  insize=1209 outsize=459 ok=1
Cmd: compileSnippet
  api=1 type=0 insize=997 outsize=132 kw= ok=1
Cmd: compileSnippet
  api=1 type=1 insize=997 outsize=136 kw= ok=1
Cmd: compileSnippet
  api=1 type=0 insize=996 outsize=132 kw= ok=1
Cmd: compileSnippet
  api=1 type=1 insize=996 outsize=134 kw= ok=1
Cmd: preprocess
  insize=219 outsize=219 ok=1
Cmd: preprocess
  insize=2317 outsize=849 ok=1
Cmd: preprocess
  insize=1571 outsize=492 ok=1
Cmd: preprocess
  insize=2886 outsize=889 ok=1
Cmd: preprocess
  insize=2330 outsize=479 ok=1
Cmd: preprocess
  insize=1986 outsize=887 ok=1
Cmd: preprocess
  insize=1964 outsize=478 ok=1
Cmd: preprocess
  insize=480 outsize=480 ok=1
Cmd: preprocess
  insize=1173 outsize=314 ok=1
Cmd: compileSnippet
  api=1 type=0 insize=1164 outsize=351 kw= ok=1
Cmd: compileSnippet
  api=1 type=1 insize=1164 outsize=254 kw= ok=1
Cmd: preprocess
  insize=2136 outsize=993 ok=1
Cmd: compileSnippet
  api=1 type=0 insize=1445 outsize=171 kw= ok=1
Cmd: compileSnippet
  api=1 type=1 insize=1445 outsize=285 kw= ok=1
Cmd: preprocess
  insize=2450 outsize=535 ok=1
Cmd: preprocess
  insize=1439 outsize=472 ok=1
Cmd: compileSnippet
  api=1 type=0 insize=1269 outsize=158 kw= ok=1
Cmd: compileSnippet
  api=1 type=1 insize=1269 outsize=234 kw= ok=1
Cmd: preprocess
  insize=2083 outsize=533 ok=1
Cmd: preprocess
  insize=1404 outsize=609 ok=1
Cmd: preprocess
  insize=2539 outsize=1100 ok=1
Cmd: compileSnippet
  api=1 type=0 insize=1742 outsize=171 kw=SOFTPARTICLES_OFF ok=1
Cmd: compileSnippet
  api=1 type=1 insize=1742 outsize=276 kw=SOFTPARTICLES_OFF ok=1
Cmd: preprocess
  insize=1452 outsize=830 ok=1
Cmd: preprocess
  insize=1503 outsize=625 ok=1
Cmd: preprocess
  insize=5357 outsize=1803 ok=1
Cmd: compileSnippet
  api=1 type=0 insize=3203 outsize=335 kw= ok=1
Cmd: compileSnippet
  api=1 type=1 insize=3203 outsize=208 kw= ok=1
Cmd: compileSnippet
  api=1 type=0 insize=3201 outsize=335 kw= ok=1
Cmd: compileSnippet
  api=1 type=1 insize=3201 outsize=120 kw= ok=1
Cmd: compileSnippet
  api=1 type=0 insize=3217 outsize=344 kw= ok=1
Cmd: compileSnippet
  api=1 type=1 insize=3217 outsize=239 kw= ok=1
Cmd: compileSnippet
  api=1 type=0 insize=3209 outsize=335 kw= ok=1
Cmd: compileSnippet
  api=1 type=1 insize=3209 outsize=101 kw= ok=1
Cmd: compileSnippet
  api=1 type=0 insize=3209 outsize=335 kw= ok=1
Cmd: compileSnippet
  api=1 type=1 insize=3209 outsize=208 kw= ok=1
Cmd: compileSnippet
  api=1 type=0 insize=3206 outsize=335 kw= ok=1
Cmd: compileSnippet
  api=1 type=1 insize=3206 outsize=120 kw= ok=1
Cmd: compileSnippet
  api=1 type=0 insize=3218 outsize=344 kw= ok=1
Cmd: compileSnippet
  api=1 type=1 insize=3218 outsize=242 kw= ok=1
Cmd: compileSnippet
  api=1 type=0 insize=3211 outsize=335 kw= ok=1
Cmd: compileSnippet
  api=1 type=1 insize=3211 outsize=125 kw= ok=1
Cmd: compileSnippet
  api=1 type=0 insize=3204 outsize=335 kw= ok=1
Cmd: compileSnippet
  api=1 type=1 insize=3204 outsize=66 kw= ok=1
Cmd: compileSnippet
  api=1 type=0 insize=3208 outsize=335 kw= ok=1
Cmd: compileSnippet
  api=1 type=1 insize=3208 outsize=79 kw= ok=1
Cmd: compileSnippet
  api=1 type=0 insize=3203 outsize=335 kw= ok=1
Cmd: compileSnippet
  api=1 type=1 insize=3203 outsize=59 kw= ok=1
Cmd: preprocess
  insize=2684 outsize=850 ok=1
Cmd: preprocess
  insize=4183 outsize=1898 ok=1
Cmd: compileSnippet
  api=1 type=0 insize=8224 outsize=1062 kw=DIRECTIONAL SHADOWS_OFF LIGHTMAP_OFF DIRLIGHTMAP_OFF ok=1
Cmd: compileSnippet
  api=1 type=1 insize=8224 outsize=597 kw=DIRECTIONAL SHADOWS_OFF LIGHTMAP_OFF DIRLIGHTMAP_OFF ok=1
Cmd: compileSnippet
  api=1 type=0 insize=5532 outsize=733 kw=POINT ok=1
Cmd: compileSnippet
  api=1 type=1 insize=5532 outsize=66 kw=POINT ok=1
Cmd: compileSnippet
  api=1 type=0 insize=5461 outsize=464 kw= ok=1
Cmd: compileSnippet
  api=1 type=1 insize=5461 outsize=192 kw= ok=1
Cmd: compileSnippet
  api=1 type=0 insize=7817 outsize=1031 kw=LIGHTMAP_OFF DIRLIGHTMAP_OFF HDR_LIGHT_PREPASS_OFF ok=1
Cmd: compileSnippet
  api=1 type=1 insize=7817 outsize=597 kw=LIGHTMAP_OFF DIRLIGHTMAP_OFF HDR_LIGHT_PREPASS_OFF ok=1
Cmd: preprocess
  insize=2303 outsize=1070 ok=1
Cmd: compileSnippet
  api=1 type=0 insize=1535 outsize=171 kw=SOFTPARTICLES_OFF ok=1
Cmd: compileSnippet
  api=1 type=1 insize=1535 outsize=149 kw=SOFTPARTICLES_OFF ok=1
Cmd: preprocess
  insize=1636 outsize=878 ok=1
Cmd: preprocess
  insize=1560 outsize=533 ok=1
Cmd: preprocess
  insize=2950 outsize=901 ok=1
Cmd: compileSnippet
  api=1 type=0 insize=2279 outsize=425 kw= ok=1
Cmd: compileSnippet
  api=1 type=1 insize=2279 outsize=526 kw= ok=1
Cmd: preprocess
  insize=1428 outsize=478 ok=1
Cmd: preprocess
  insize=3042 outsize=1804 ok=1
Cmd: preprocess
  insize=3838 outsize=1080 ok=1
Cmd: compileSnippet
  api=1 type=0 insize=1704 outsize=295 kw=SOFTPARTICLES_OFF ok=1
Cmd: compileSnippet
  api=1 type=1 insize=1704 outsize=206 kw=SOFTPARTICLES_OFF ok=1
Cmd: compileSnippet
  api=1 type=0 insize=1541 outsize=171 kw=SOFTPARTICLES_OFF ok=1
Cmd: compileSnippet
  api=1 type=1 insize=1541 outsize=144 kw=SOFTPARTICLES_OFF ok=1
Cmd: preprocess
  insize=5633 outsize=759 ok=1
Cmd: compileSnippet
  api=1 type=0 insize=4669 outsize=132 kw= ok=1
Cmd: compileSnippet
  api=1 type=1 insize=4669 outsize=194 kw= ok=1
Cmd: compileSnippet
  api=1 type=0 insize=4674 outsize=364 kw= ok=1
Cmd: compileSnippet
  api=1 type=1 insize=4674 outsize=329 kw= ok=1
Cmd: compileSnippet
  api=1 type=0 insize=4684 outsize=363 kw= ok=1
Cmd: compileSnippet
  api=1 type=1 insize=4684 outsize=588 kw= ok=1
Cmd: compileSnippet
  api=1 type=0 insize=4679 outsize=363 kw= ok=1
Cmd: compileSnippet
  api=1 type=1 insize=4679 outsize=464 kw= ok=1
Cmd: compileSnippet
  api=1 type=0 insize=4685 outsize=452 kw= ok=1
Cmd: compileSnippet
  api=1 type=1 insize=4685 outsize=765 kw= ok=1
Cmd: preprocess
  insize=1669 outsize=891 ok=1
Cmd: compileSnippet
  api=1 type=0 insize=1039 outsize=158 kw= ok=1
Cmd: compileSnippet
  api=1 type=1 insize=1039 outsize=149 kw= ok=1
Cmd: preprocess
  insize=1796 outsize=640 ok=1
Cmd: compileSnippet
  api=1 type=0 insize=1406 outsize=162 kw=DUMMY ok=1
Cmd: compileSnippet
  api=1 type=1 insize=1406 outsize=173 kw=DUMMY ok=1
Cmd: preprocess
  insize=2519 outsize=888 ok=1
Cmd: preprocess
  insize=659 outsize=659 ok=1
Cmd: preprocess
  insize=1784 outsize=847 ok=1
Cmd: preprocess
  insize=2474 outsize=494 ok=1
Cmd: preprocess
  insize=435 outsize=435 ok=1
Cmd: preprocess
  insize=2575 outsize=901 ok=1
Cmd: compileSnippet
  api=1 type=0 insize=1911 outsize=308 kw= ok=1
Cmd: compileSnippet
  api=1 type=1 insize=1911 outsize=427 kw= ok=1
Cmd: preprocess
  insize=1927 outsize=579 ok=1
Cmd: compileSnippet
  api=1 type=0 insize=1592 outsize=171 kw=SOFTPARTICLES_OFF ok=1
Cmd: compileSnippet
  api=1 type=1 insize=1592 outsize=190 kw=SOFTPARTICLES_OFF ok=1
Cmd: preprocess
  insize=1465 outsize=506 ok=1
Cmd: preprocess
  insize=1414 outsize=840 ok=1
Cmd: preprocess
  insize=5950 outsize=3432 ok=1
Cmd: preprocess
  insize=1464 outsize=884 ok=1
Cmd: preprocess
  insize=2361 outsize=2258 ok=1
Cmd: preprocess
  insize=1287 outsize=490 ok=1
Cmd: preprocess
  insize=2026 outsize=900 ok=1
Cmd: compileSnippet
  api=1 type=0 insize=1378 outsize=186 kw= ok=1
Cmd: compileSnippet
  api=1 type=1 insize=1378 outsize=311 kw= ok=1
Cmd: preprocess
  insize=1232 outsize=482 ok=1
Cmd: preprocess
  insize=2107 outsize=492 ok=1
Cmd: preprocess
  insize=1668 outsize=929 ok=1
Cmd: preprocess
  insize=2616 outsize=2346 ok=1
Cmd: compileSnippet
  api=1 type=0 insize=6480 outsize=1117 kw=DIRECTIONAL SHADOWS_OFF LIGHTMAP_OFF DIRLIGHTMAP_OFF ok=1
Cmd: compileSnippet
  api=1 type=1 insize=6480 outsize=1898 kw=DIRECTIONAL SHADOWS_OFF LIGHTMAP_OFF DIRLIGHTMAP_OFF ok=1
Cmd: compileSnippet
  api=1 type=0 insize=4138 outsize=926 kw=POINT ok=1
Cmd: compileSnippet
  api=1 type=1 insize=4138 outsize=1912 kw=POINT ok=1
Cmd: compileSnippet
  api=1 type=0 insize=4055 outsize=661 kw= ok=1
Cmd: compileSnippet
  api=1 type=1 insize=4055 outsize=946 kw= ok=1
Cmd: compileSnippet
  api=1 type=0 insize=5953 outsize=780 kw=LIGHTMAP_OFF DIRLIGHTMAP_OFF HDR_LIGHT_PREPASS_OFF ok=1
Cmd: compileSnippet
  api=1 type=1 insize=5953 outsize=1139 kw=LIGHTMAP_OFF DIRLIGHTMAP_OFF HDR_LIGHT_PREPASS_OFF ok=1
Cmd: compileSnippet
  api=1 type=0 insize=3241 outsize=321 kw=SHADOWS_DEPTH ok=1
Cmd: compileSnippet
  api=1 type=1 insize=3241 outsize=424 kw=SHADOWS_DEPTH ok=1
Cmd: compileSnippet
  api=1 type=0 insize=3287 outsize=599 kw=SHADOWS_NONATIVE ok=1
Cmd: compileSnippet
  api=1 type=1 insize=3287 outsize=994 kw=SHADOWS_NONATIVE ok=1
Cmd: preprocess
  insize=8284 outsize=3601 ok=1
Cmd: compileSnippet
  api=1 type=0 insize=2506 outsize=331 kw=DIRECTIONAL SHADOWS_OFF LIGHTMAP_OFF DIRLIGHTMAP_OFF ok=1
Cmd: compileSnippet
  api=1 type=1 insize=2506 outsize=655 kw=DIRECTIONAL SHADOWS_OFF LIGHTMAP_OFF DIRLIGHTMAP_OFF ok=1
Cmd: compileSnippet
  api=1 type=0 insize=1607 outsize=488 kw=SHADOWS_NONATIVE ok=1
Cmd: compileSnippet
  api=1 type=1 insize=1607 outsize=862 kw=SHADOWS_NONATIVE ok=1
Cmd: compileSnippet
  api=1 type=0 insize=1552 outsize=262 kw=SHADOWS_DEPTH ok=1
Cmd: compileSnippet
  api=1 type=1 insize=1552 outsize=314 kw=SHADOWS_DEPTH ok=1
Cmd: preprocess
  insize=3248 outsize=974 ok=1
Cmd: compileSnippet
  api=1 type=0 insize=2487 outsize=371 kw=SOFTPARTICLES_OFF ok=1
Cmd: compileSnippet
  api=1 type=1 insize=2487 outsize=481 kw=SOFTPARTICLES_OFF ok=1
Cmd: compileSnippet
  api=1 type=0 insize=2509 outsize=279 kw=DIRECTIONAL ok=1
Cmd: compileSnippet
  api=1 type=1 insize=2509 outsize=256 kw=DIRECTIONAL ok=1
Cmd: compileSnippet
  api=1 type=0 insize=5532 outsize=575 kw=DIRECTIONAL ok=1
Cmd: compileSnippet
  api=1 type=1 insize=5532 outsize=66 kw=DIRECTIONAL ok=1
Cmd: compileSnippet
  api=1 type=0 insize=5295 outsize=575 kw=DIRECTIONAL ok=1
Cmd: compileSnippet
  api=1 type=1 insize=5295 outsize=66 kw=DIRECTIONAL ok=1
Cmd: compileSnippet
  api=1 type=0 insize=5626 outsize=575 kw=DIRECTIONAL ok=1
Cmd: compileSnippet
  api=1 type=1 insize=5626 outsize=66 kw=DIRECTIONAL ok=1
Cmd: compileSnippet
  api=1 type=0 insize=5793 outsize=713 kw=DIRECTIONAL ok=1
Cmd: compileSnippet
  api=1 type=1 insize=5793 outsize=450 kw=DIRECTIONAL ok=1
Cmd: compileSnippet
  api=1 type=0 insize=4138 outsize=754 kw=DIRECTIONAL ok=1
Cmd: compileSnippet
  api=1 type=1 insize=4138 outsize=1769 kw=DIRECTIONAL ok=1
